<?xml version="1.0" encoding="UTF-8"?>
<!-- Generated by org.testng.reporters.JUnitXMLReporter -->
<testsuite hostname="vichu" ignored="0" name="testregistration" tests="2" failures="2" timestamp="26 Nov 2017 05:30:14 GMT" time="13.057" errors="0">
  <testcase name="testSuccessLoginLogout" time="10.003" classname="com.htc.test.RegisterAutomation">
    <failure type="java.lang.AssertionError" message="expected [Welcome] but found [HTTP Status 500 – Internal Server Error]">
      <![CDATA[java.lang.AssertionError: expected [Welcome] but found [HTTP Status 500 – Internal Server Error]
	at com.htc.test.RegisterAutomation.testSuccessLoginLogout(RegisterAutomation.java:90)
... Removed 31 stack frames]]>
    </failure>
  </testcase> <!-- testSuccessLoginLogout -->
  <testcase name="testSuccessLoginLogout" time="2.401" classname="com.htc.test.RegisterAutomation">
    <failure type="java.lang.AssertionError" message="expected [Welcome] but found [HTTP Status 500 – Internal Server Error]">
      <![CDATA[java.lang.AssertionError: expected [Welcome] but found [HTTP Status 500 – Internal Server Error]
	at com.htc.test.RegisterAutomation.testSuccessLoginLogout(RegisterAutomation.java:90)
... Removed 31 stack frames]]>
    </failure>
  </testcase> <!-- testSuccessLoginLogout -->
</testsuite> <!-- testregistration -->
